<?xml version="1.0" encoding="UTF-8"?>
<testng-results skipped="0" failed="0" ignored="0" total="2" passed="2">
  <reporter-output>
  </reporter-output>
  <suite name="Command line suite" duration-ms="7649" started-at="2019-04-30T15:52:51Z" finished-at="2019-04-30T15:52:59Z">
    <groups>
    </groups>
    <test name="Command line test" duration-ms="7649" started-at="2019-04-30T15:52:51Z" finished-at="2019-04-30T15:52:59Z">
      <class name="com.daz.testAppium.SimpleAppiumTest">
        <test-method status="PASS" signature="setup()[pri:0, instance:com.daz.testAppium.SimpleAppiumTest@5442a311]" name="setup" is-config="true" duration-ms="3292" started-at="2019-04-30T15:52:51Z" finished-at="2019-04-30T15:52:54Z">
          <reporter-output>
          </reporter-output>
        </test-method> <!-- setup -->
        <test-method status="PASS" signature="sample()[pri:0, instance:com.daz.testAppium.SimpleAppiumTest@5442a311]" name="sample" duration-ms="0" started-at="2019-04-30T15:52:54Z" finished-at="2019-04-30T15:52:54Z">
          <reporter-output>
          </reporter-output>
        </test-method> <!-- sample -->
        <test-method status="PASS" signature="simpleTest()[pri:0, instance:com.daz.testAppium.SimpleAppiumTest@5442a311]" name="simpleTest" duration-ms="3737" started-at="2019-04-30T15:52:54Z" finished-at="2019-04-30T15:52:58Z">
          <reporter-output>
          </reporter-output>
        </test-method> <!-- simpleTest -->
        <test-method status="PASS" signature="teatDown()[pri:0, instance:com.daz.testAppium.SimpleAppiumTest@5442a311]" name="teatDown" is-config="true" duration-ms="603" started-at="2019-04-30T15:52:58Z" finished-at="2019-04-30T15:52:59Z">
          <reporter-output>
          </reporter-output>
        </test-method> <!-- teatDown -->
      </class> <!-- com.daz.testAppium.SimpleAppiumTest -->
    </test> <!-- Command line test -->
  </suite> <!-- Command line suite -->
</testng-results>
