<?xml version="1.0" encoding="UTF-8"?>
<testng-results skipped="0" failed="0" ignored="0" total="2" passed="2">
  <reporter-output>
  </reporter-output>
  <suite name="Default suite" duration-ms="7799" started-at="2019-04-30T15:39:22Z" finished-at="2019-04-30T15:39:30Z">
    <groups>
    </groups>
    <test name="Default test" duration-ms="7799" started-at="2019-04-30T15:39:22Z" finished-at="2019-04-30T15:39:30Z">
      <class name="com.daz.testAppium.SimpleAppiumTest">
        <test-method status="PASS" signature="setup()[pri:0, instance:com.daz.testAppium.SimpleAppiumTest@63e2203c]" name="setup" is-config="true" duration-ms="4017" started-at="2019-04-30T15:39:22Z" finished-at="2019-04-30T15:39:26Z">
          <reporter-output>
          </reporter-output>
        </test-method> <!-- setup -->
        <test-method status="PASS" signature="sample()[pri:0, instance:com.daz.testAppium.SimpleAppiumTest@63e2203c]" name="sample" duration-ms="4" started-at="2019-04-30T15:39:26Z" finished-at="2019-04-30T15:39:26Z">
          <reporter-output>
          </reporter-output>
        </test-method> <!-- sample -->
        <test-method status="PASS" signature="simpleTest()[pri:0, instance:com.daz.testAppium.SimpleAppiumTest@63e2203c]" name="simpleTest" duration-ms="3757" started-at="2019-04-30T15:39:26Z" finished-at="2019-04-30T15:39:30Z">
          <reporter-output>
          </reporter-output>
        </test-method> <!-- simpleTest -->
      </class> <!-- com.daz.testAppium.SimpleAppiumTest -->
    </test> <!-- Default test -->
  </suite> <!-- Default suite -->
</testng-results>
